error: The following untracked working tree files would be overwritten by merge:
	openshift.pdf
Please move or remove them before you merge.
Aborting
Updating fa43478..8e365b4
error: The following untracked working tree files would be overwritten by merge:
	openshift.pdf
Please move or remove them before you merge.
Aborting
Updating fa43478..8e365b4
error: The following untracked working tree files would be overwritten by merge:
	openshift.pdf
Please move or remove them before you merge.
Aborting
Updating fa43478..8e365b4
error: The following untracked working tree files would be overwritten by merge:
	openshift.pdf
Please move or remove them before you merge.
Aborting
Updating fa43478..8e365b4
error: The following untracked working tree files would be overwritten by merge:
	openshift.pdf
Please move or remove them before you merge.
Aborting
Updating fa43478..8e365b4
